build/app/intermediates/manifest_merge_blame_file/debug/manifest-merger-blame-debug-report.txt
1<?xml version="1.0" encoding="utf-8"?>
2<manifest xmlns:android="http://schemas.android.com/apk/res/android"
3    package="com.example.twospot"
4    android:versionCode="1"
5    android:versionName="1.0.0" >
6
7    <uses-sdk
8        android:minSdkVersion="23"
9        android:targetSdkVersion="33" />
10    <!--
11         The INTERNET permission is required for development. Specifically,
12         the Flutter tool needs it to communicate with the running application
13         to allow setting breakpoints, to provide hot reload, etc.
14    -->
15    <uses-permission android:name="android.permission.INTERNET" />
15-->src\debug\AndroidManifest.xml:6:5-66
15-->src\debug\AndroidManifest.xml:6:22-64
16    <!--
17     Required to query activities that can process text, see:
18         https://developer.android.com/training/package-visibility?hl=en and
19         https://developer.android.com/reference/android/content/Intent#ACTION_PROCESS_TEXT.
20
21         In particular, this is used by the Flutter engine in io.flutter.plugin.text.ProcessTextPlugin.
22    -->
23    <queries>
23-->src\main\AndroidManifest.xml:38:5-43:15
24        <intent>
24-->src\main\AndroidManifest.xml:39:9-42:18
25            <action android:name="android.intent.action.PROCESS_TEXT" />
25-->src\main\AndroidManifest.xml:40:13-72
25-->src\main\AndroidManifest.xml:40:21-70
26
27            <data android:mimeType="text/plain" />
27-->src\main\AndroidManifest.xml:41:13-50
27-->src\main\AndroidManifest.xml:41:19-48
28        </intent>
29    </queries>
30
31    <uses-permission android:name="android.permission.ACCESS_COARSE_LOCATION" />
31-->[:location] AndroidManifest.xml:9:5-81
31-->[:location] AndroidManifest.xml:9:22-78
32    <uses-permission android:name="android.permission.ACCESS_FINE_LOCATION" />
32-->[:location] AndroidManifest.xml:10:5-79
32-->[:location] AndroidManifest.xml:10:22-76
33
34    <uses-feature
34-->[com.naver.maps:map-sdk:3.17.0] AndroidManifest.xml:7:5-9:35
35        android:glEsVersion="0x00020000"
35-->[com.naver.maps:map-sdk:3.17.0] AndroidManifest.xml:8:9-41
36        android:required="true" />
36-->[com.naver.maps:map-sdk:3.17.0] AndroidManifest.xml:9:9-32
37    <uses-feature
37-->[com.naver.maps:map-sdk:3.17.0] AndroidManifest.xml:10:5-12:36
38        android:name="android.hardware.wifi"
38-->[com.naver.maps:map-sdk:3.17.0] AndroidManifest.xml:11:9-45
39        android:required="false" />
39-->[com.naver.maps:map-sdk:3.17.0] AndroidManifest.xml:12:9-33
40
41    <uses-permission android:name="android.permission.ACCESS_NETWORK_STATE" />
41-->[com.naver.maps:map-sdk:3.17.0] AndroidManifest.xml:15:5-79
41-->[com.naver.maps:map-sdk:3.17.0] AndroidManifest.xml:15:22-76
42    <uses-permission android:name="android.permission.ACCESS_WIFI_STATE" />
42-->[com.naver.maps:map-sdk:3.17.0] AndroidManifest.xml:16:5-76
42-->[com.naver.maps:map-sdk:3.17.0] AndroidManifest.xml:16:22-73
43
44    <permission
44-->[androidx.core:core:1.10.1] AndroidManifest.xml:22:5-24:47
45        android:name="com.example.twospot.DYNAMIC_RECEIVER_NOT_EXPORTED_PERMISSION"
45-->[androidx.core:core:1.10.1] AndroidManifest.xml:23:9-81
46        android:protectionLevel="signature" />
46-->[androidx.core:core:1.10.1] AndroidManifest.xml:24:9-44
47
48    <uses-permission android:name="com.example.twospot.DYNAMIC_RECEIVER_NOT_EXPORTED_PERMISSION" />
48-->[androidx.core:core:1.10.1] AndroidManifest.xml:26:5-97
48-->[androidx.core:core:1.10.1] AndroidManifest.xml:26:22-94
49
50    <application
51        android:name="android.app.Application"
52        android:appComponentFactory="androidx.core.app.CoreComponentFactory"
52-->[androidx.core:core:1.10.1] AndroidManifest.xml:28:18-86
53        android:debuggable="true"
54        android:extractNativeLibs="false"
55        android:icon="@mipmap/ic_launcher"
56        android:label="twospot" >
57        <activity
58            android:name="com.example.twospot.MainActivity"
59            android:configChanges="orientation|keyboardHidden|keyboard|screenSize|smallestScreenSize|locale|layoutDirection|fontScale|screenLayout|density|uiMode"
60            android:exported="true"
61            android:hardwareAccelerated="true"
62            android:launchMode="singleTop"
63            android:theme="@style/LaunchTheme"
64            android:windowSoftInputMode="adjustResize" >
65
66            <!--
67                 Specifies an Android theme to apply to this Activity as soon as
68                 the Android process has started. This theme is visible to the user
69                 while the Flutter UI initializes. After that, this theme continues
70                 to determine the Window background behind the Flutter UI.
71            -->
72            <meta-data
73                android:name="io.flutter.embedding.android.NormalTheme"
74                android:resource="@style/NormalTheme" />
75
76            <intent-filter>
77                <action android:name="android.intent.action.MAIN" />
78
79                <category android:name="android.intent.category.LAUNCHER" />
80            </intent-filter>
81        </activity>
82        <!--
83             Don't delete the meta-data below.
84             This is used by the Flutter tool to generate GeneratedPluginRegistrant.java
85        -->
86        <meta-data
87            android:name="flutterEmbedding"
88            android:value="2" />
89
90        <service
90-->[:geolocator_android] AndroidManifest.xml:10:9-14:56
91            android:name="com.baseflow.geolocator.GeolocatorLocationService"
91-->[:geolocator_android] AndroidManifest.xml:11:13-77
92            android:enabled="true"
92-->[:geolocator_android] AndroidManifest.xml:12:13-35
93            android:exported="false"
93-->[:geolocator_android] AndroidManifest.xml:13:13-37
94            android:foregroundServiceType="location" />
94-->[:geolocator_android] AndroidManifest.xml:14:13-53
95        <service
95-->[:location] AndroidManifest.xml:13:9-17:56
96            android:name="com.lyokone.location.FlutterLocationService"
96-->[:location] AndroidManifest.xml:14:13-71
97            android:enabled="true"
97-->[:location] AndroidManifest.xml:15:13-35
98            android:exported="false"
98-->[:location] AndroidManifest.xml:16:13-37
99            android:foregroundServiceType="location" />
99-->[:location] AndroidManifest.xml:17:13-53
100
101        <activity
101-->[com.naver.maps:map-sdk:3.17.0] AndroidManifest.xml:19:9-23:51
102            android:name="com.naver.maps.map.app.LegendActivity"
102-->[com.naver.maps:map-sdk:3.17.0] AndroidManifest.xml:20:13-65
103            android:configChanges="screenSize|smallestScreenSize|screenLayout|orientation"
103-->[com.naver.maps:map-sdk:3.17.0] AndroidManifest.xml:21:13-91
104            android:label="@string/navermap_legend"
104-->[com.naver.maps:map-sdk:3.17.0] AndroidManifest.xml:22:13-52
105            android:theme="@style/navermap_app" />
105-->[com.naver.maps:map-sdk:3.17.0] AndroidManifest.xml:23:13-48
106        <activity
106-->[com.naver.maps:map-sdk:3.17.0] AndroidManifest.xml:24:9-28:51
107            android:name="com.naver.maps.map.app.LegalNoticeActivity"
107-->[com.naver.maps:map-sdk:3.17.0] AndroidManifest.xml:25:13-70
108            android:configChanges="screenSize|smallestScreenSize|screenLayout|orientation"
108-->[com.naver.maps:map-sdk:3.17.0] AndroidManifest.xml:26:13-91
109            android:label="@string/navermap_legal_notice"
109-->[com.naver.maps:map-sdk:3.17.0] AndroidManifest.xml:27:13-58
110            android:theme="@style/navermap_app" />
110-->[com.naver.maps:map-sdk:3.17.0] AndroidManifest.xml:28:13-48
111        <activity
111-->[com.naver.maps:map-sdk:3.17.0] AndroidManifest.xml:29:9-33:51
112            android:name="com.naver.maps.map.app.OpenSourceLicenseActivity"
112-->[com.naver.maps:map-sdk:3.17.0] AndroidManifest.xml:30:13-76
113            android:configChanges="screenSize|smallestScreenSize|screenLayout|orientation"
113-->[com.naver.maps:map-sdk:3.17.0] AndroidManifest.xml:31:13-91
114            android:label="@string/navermap_open_source_license"
114-->[com.naver.maps:map-sdk:3.17.0] AndroidManifest.xml:32:13-65
115            android:theme="@style/navermap_app" />
115-->[com.naver.maps:map-sdk:3.17.0] AndroidManifest.xml:33:13-48
116
117        <uses-library
117-->[androidx.window:window:1.0.0-beta04] AndroidManifest.xml:25:9-27:40
118            android:name="androidx.window.extensions"
118-->[androidx.window:window:1.0.0-beta04] AndroidManifest.xml:26:13-54
119            android:required="false" />
119-->[androidx.window:window:1.0.0-beta04] AndroidManifest.xml:27:13-37
120        <uses-library
120-->[androidx.window:window:1.0.0-beta04] AndroidManifest.xml:28:9-30:40
121            android:name="androidx.window.sidecar"
121-->[androidx.window:window:1.0.0-beta04] AndroidManifest.xml:29:13-51
122            android:required="false" />
122-->[androidx.window:window:1.0.0-beta04] AndroidManifest.xml:30:13-37
123
124        <activity
124-->[com.google.android.gms:play-services-base:18.1.0] AndroidManifest.xml:20:9-22:45
125            android:name="com.google.android.gms.common.api.GoogleApiActivity"
125-->[com.google.android.gms:play-services-base:18.1.0] AndroidManifest.xml:20:19-85
126            android:exported="false"
126-->[com.google.android.gms:play-services-base:18.1.0] AndroidManifest.xml:22:19-43
127            android:theme="@android:style/Theme.Translucent.NoTitleBar" />
127-->[com.google.android.gms:play-services-base:18.1.0] AndroidManifest.xml:21:19-78
128
129        <meta-data
129-->[com.google.android.gms:play-services-basement:18.1.0] AndroidManifest.xml:21:9-23:69
130            android:name="com.google.android.gms.version"
130-->[com.google.android.gms:play-services-basement:18.1.0] AndroidManifest.xml:22:13-58
131            android:value="@integer/google_play_services_version" />
131-->[com.google.android.gms:play-services-basement:18.1.0] AndroidManifest.xml:23:13-66
132
133        <provider
133-->[androidx.emoji2:emoji2:1.2.0] AndroidManifest.xml:24:9-32:20
134            android:name="androidx.startup.InitializationProvider"
134-->[androidx.emoji2:emoji2:1.2.0] AndroidManifest.xml:25:13-67
135            android:authorities="com.example.twospot.androidx-startup"
135-->[androidx.emoji2:emoji2:1.2.0] AndroidManifest.xml:26:13-68
136            android:exported="false" >
136-->[androidx.emoji2:emoji2:1.2.0] AndroidManifest.xml:27:13-37
137            <meta-data
137-->[androidx.emoji2:emoji2:1.2.0] AndroidManifest.xml:29:13-31:52
138                android:name="androidx.emoji2.text.EmojiCompatInitializer"
138-->[androidx.emoji2:emoji2:1.2.0] AndroidManifest.xml:30:17-75
139                android:value="androidx.startup" />
139-->[androidx.emoji2:emoji2:1.2.0] AndroidManifest.xml:31:17-49
140            <meta-data
140-->[androidx.lifecycle:lifecycle-process:2.4.1] AndroidManifest.xml:31:13-33:52
141                android:name="androidx.lifecycle.ProcessLifecycleInitializer"
141-->[androidx.lifecycle:lifecycle-process:2.4.1] AndroidManifest.xml:32:17-78
142                android:value="androidx.startup" />
142-->[androidx.lifecycle:lifecycle-process:2.4.1] AndroidManifest.xml:33:17-49
143        </provider>
144    </application>
145
146</manifest>